<?xml version="1.0" encoding="UTF-8"?>
<robot generator="Robot 7.4.2 (Python 3.12.1 on win32)" generated="2026-04-24T11:53:15.564966" rpa="false" schemaversion="5">
<suite id="s1" name="userStory1" source="C:\Users\lonovo\Desktop\Robot Framework\Suites\userStory1.robot">
<test id="s1-t1" name="Inscription d'un Nouveau Compte" line="38">
<kw name="Ouvrir Application Tutorials Ninja" type="SETUP">
<kw name="Open Browser" owner="SeleniumLibrary">
<msg time="2026-04-24T11:53:15.815489" level="INFO">Opening browser 'chrome' to base url 'https://tutorialsninja.com/demo'.</msg>
<arg>url=${URL}</arg>
<arg>browser=chrome</arg>
<doc>Opens a new browser instance to the optional ``url``.</doc>
<status status="PASS" start="2026-04-24T11:53:15.815313" elapsed="3.527345"/>
</kw>
<kw name="Maximize Browser Window" owner="SeleniumLibrary">
<doc>Maximizes current browser window.</doc>
<status status="PASS" start="2026-04-24T11:53:19.342658" elapsed="0.027928"/>
</kw>
<doc>ce keyword permet d'ouvrir le site web Demo Tutorials Ninja</doc>
<status status="PASS" start="2026-04-24T11:53:15.814186" elapsed="3.557394"/>
</kw>
<kw name="Given Naviguer sur la page d'inscription">
<kw name="Click Element" owner="SeleniumLibrary">
<msg time="2026-04-24T11:53:19.372577" level="INFO">Clicking element '//a[@title="My Account"]'.</msg>
<arg>locator=${my_account_dropdown}</arg>
<doc>Click the element identified by ``locator``.</doc>
<status status="PASS" start="2026-04-24T11:53:19.372577" elapsed="0.085791"/>
</kw>
<kw name="Click Element" owner="SeleniumLibrary">
<msg time="2026-04-24T11:53:19.458368" level="INFO">Clicking element '//a[text()="Register"]'.</msg>
<arg>locator=${register_link}</arg>
<doc>Click the element identified by ``locator``.</doc>
<status status="PASS" start="2026-04-24T11:53:19.458368" elapsed="0.764856"/>
</kw>
<kw name="Get Location" owner="SeleniumLibrary">
<msg time="2026-04-24T11:53:20.230314" level="INFO">${url} = https://tutorialsninja.com/demo/index.php?route=account/register</msg>
<var>${url}</var>
<doc>Returns the current browser window URL.</doc>
<status status="PASS" start="2026-04-24T11:53:20.224211" elapsed="0.006103"/>
</kw>
<kw name="Should Contain" owner="BuiltIn">
<arg>container=${url}</arg>
<arg>item=account/register</arg>
<doc>Fails if ``container`` does not contain ``item`` one or more times.</doc>
<status status="PASS" start="2026-04-24T11:53:20.231309" elapsed="0.000000"/>
</kw>
<doc>ce keyword permet de vérifier que l'utilisateur est sur la page d'inscription</doc>
<status status="PASS" start="2026-04-24T11:53:19.371580" elapsed="0.860726"/>
</kw>
<kw name="When Remplir tous les champs du formulaire">
<kw name="Générer email unique">
<kw name="Get Time" owner="BuiltIn">
<msg time="2026-04-24T11:53:20.234302" level="INFO">${timestamp} = 1777028000</msg>
<var>${timestamp}</var>
<arg>epoch</arg>
<doc>Returns the given time in the requested format.</doc>
<status status="PASS" start="2026-04-24T11:53:20.233306" elapsed="0.000996"/>
</kw>
<kw name="Set Variable" owner="BuiltIn">
<msg time="2026-04-24T11:53:20.235409" level="INFO">${email} = test1777028000@yopmail.com</msg>
<var>${email}</var>
<arg>test${timestamp}@yopmail.com</arg>
<doc>Returns the given values which can then be assigned to a variables.</doc>
<status status="PASS" start="2026-04-24T11:53:20.234302" elapsed="0.001107"/>
</kw>
<return>
<value>${email}</value>
<status status="PASS" start="2026-04-24T11:53:20.235409" elapsed="0.000000"/>
</return>
<msg time="2026-04-24T11:53:20.235409" level="INFO">${email} = test1777028000@yopmail.com</msg>
<var>${email}</var>
<status status="PASS" start="2026-04-24T11:53:20.233306" elapsed="0.002103"/>
</kw>
<kw name="Input Text" owner="SeleniumLibrary">
<msg time="2026-04-24T11:53:20.236408" level="INFO">Typing text 'john' into text field '//input[@id='input-firstname']'.</msg>
<arg>locator=${firstname_input}</arg>
<arg>text=${firstname}</arg>
<doc>Types the given ``text`` into the text field identified by ``locator``.</doc>
<status status="PASS" start="2026-04-24T11:53:20.235409" elapsed="0.098820"/>
</kw>
<kw name="Input Text" owner="SeleniumLibrary">
<msg time="2026-04-24T11:53:20.335264" level="INFO">Typing text 'Smith' into text field '//input[@id='input-lastname']'.</msg>
<arg>locator=${lastname_input}</arg>
<arg>text=${lastname}</arg>
<doc>Types the given ``text`` into the text field identified by ``locator``.</doc>
<status status="PASS" start="2026-04-24T11:53:20.334229" elapsed="0.067698"/>
</kw>
<kw name="Input Text" owner="SeleniumLibrary">
<msg time="2026-04-24T11:53:20.402925" level="INFO">Typing text 'test1777028000@yopmail.com' into text field '//input[@id='input-email']'.</msg>
<arg>locator=${email_input}</arg>
<arg>text=${email}</arg>
<doc>Types the given ``text`` into the text field identified by ``locator``.</doc>
<status status="PASS" start="2026-04-24T11:53:20.401927" elapsed="0.092666"/>
</kw>
<kw name="Input Text" owner="SeleniumLibrary">
<msg time="2026-04-24T11:53:20.495614" level="INFO">Typing text '060102030405' into text field '//input[@id='input-telephone']'.</msg>
<arg>locator=${telephone_input}</arg>
<arg>text=${telephone}</arg>
<doc>Types the given ``text`` into the text field identified by ``locator``.</doc>
<status status="PASS" start="2026-04-24T11:53:20.494593" elapsed="0.070883"/>
</kw>
<kw name="Input Text" owner="SeleniumLibrary">
<msg time="2026-04-24T11:53:20.566474" level="INFO">Typing text 'pass@123' into text field '//input[@id='input-password']'.</msg>
<arg>locator=${password_input}</arg>
<arg>text=${password}</arg>
<doc>Types the given ``text`` into the text field identified by ``locator``.</doc>
<status status="PASS" start="2026-04-24T11:53:20.566474" elapsed="0.063867"/>
</kw>
<kw name="Input Text" owner="SeleniumLibrary">
<msg time="2026-04-24T11:53:20.630341" level="INFO">Typing text 'pass@123' into text field '//input[@id='input-confirm']'.</msg>
<arg>locator=${confirm_input}</arg>
<arg>text=${password}</arg>
<doc>Types the given ``text`` into the text field identified by ``locator``.</doc>
<status status="PASS" start="2026-04-24T11:53:20.630341" elapsed="0.065649"/>
</kw>
<kw name="Click Element" owner="SeleniumLibrary">
<msg time="2026-04-24T11:53:20.695990" level="INFO">Clicking element '//input[@name='agree']'.</msg>
<arg>locator=${privacy_checkbox}</arg>
<doc>Click the element identified by ``locator``.</doc>
<status status="PASS" start="2026-04-24T11:53:20.695990" elapsed="0.057424"/>
</kw>
<doc>ce keyword permet de remplir tous les champs du formulaire d'inscription</doc>
<status status="PASS" start="2026-04-24T11:53:20.232306" elapsed="0.521108"/>
</kw>
<kw name="And Cliquer sur le bouton &quot;continuer&quot;">
<kw name="Click Element" owner="SeleniumLibrary">
<msg time="2026-04-24T11:53:20.754411" level="INFO">Clicking element '//input[@type="submit"]'.</msg>
<arg>locator=${continue_button}</arg>
<doc>Click the element identified by ``locator``.</doc>
<status status="PASS" start="2026-04-24T11:53:20.753414" elapsed="2.314067"/>
</kw>
<doc>ce keyword permet de cliquer sur le bouton "continuer" pour valider l'inscription</doc>
<status status="PASS" start="2026-04-24T11:53:20.753414" elapsed="2.314067"/>
</kw>
<kw name="Then Vérifier la création réussie du compte">
<kw name="Get Location" owner="SeleniumLibrary">
<msg time="2026-04-24T11:53:23.072468" level="INFO">${url} = https://tutorialsninja.com/demo/index.php?route=account/success</msg>
<var>${url}</var>
<doc>Returns the current browser window URL.</doc>
<status status="PASS" start="2026-04-24T11:53:23.068478" elapsed="0.003990"/>
</kw>
<kw name="Should Contain" owner="BuiltIn">
<arg>container=${url}</arg>
<arg>item=account/success</arg>
<doc>Fails if ``container`` does not contain ``item`` one or more times.</doc>
<status status="PASS" start="2026-04-24T11:53:23.072468" elapsed="0.000998"/>
</kw>
<kw name="Get Text" owner="SeleniumLibrary">
<msg time="2026-04-24T11:53:23.100749" level="INFO">${message} = Your Account Has Been Created!</msg>
<var>${message}</var>
<arg>locator=${success_message}</arg>
<doc>Returns the text value of the element identified by ``locator``.</doc>
<status status="PASS" start="2026-04-24T11:53:23.073466" elapsed="0.027283"/>
</kw>
<kw name="Should Contain" owner="BuiltIn">
<arg>container=${message}</arg>
<arg>item=Your Account Has Been Created!</arg>
<doc>Fails if ``container`` does not contain ``item`` one or more times.</doc>
<status status="PASS" start="2026-04-24T11:53:23.100749" elapsed="0.001033"/>
</kw>
<doc>ce keyword permet de vérifier que le compte a été créé avec succès</doc>
<status status="PASS" start="2026-04-24T11:53:23.067481" elapsed="0.034301"/>
</kw>
<kw name="Close Browser" owner="SeleniumLibrary" type="TEARDOWN">
<doc>Closes the current browser.</doc>
<status status="PASS" start="2026-04-24T11:53:23.101782" elapsed="2.194870"/>
</kw>
<doc>ce cas de test vérifie le cas passant de la création d'un nouveau compte</doc>
<tag>RBF001</tag>
<status status="PASS" start="2026-04-24T11:53:15.813189" elapsed="9.484300"/>
</test>
<test id="s1-t2" name="Se connecter avec des identifiants valides" line="46">
<kw name="Ouvrir Application Tutorials Ninja" type="SETUP">
<kw name="Open Browser" owner="SeleniumLibrary">
<msg time="2026-04-24T11:53:25.300371" level="INFO">Opening browser 'chrome' to base url 'https://tutorialsninja.com/demo'.</msg>
<arg>url=${URL}</arg>
<arg>browser=chrome</arg>
<doc>Opens a new browser instance to the optional ``url``.</doc>
<status status="PASS" start="2026-04-24T11:53:25.299334" elapsed="3.476586"/>
</kw>
<kw name="Maximize Browser Window" owner="SeleniumLibrary">
<doc>Maximizes current browser window.</doc>
<status status="PASS" start="2026-04-24T11:53:28.776917" elapsed="0.025931"/>
</kw>
<doc>ce keyword permet d'ouvrir le site web Demo Tutorials Ninja</doc>
<status status="PASS" start="2026-04-24T11:53:25.299334" elapsed="3.503514"/>
</kw>
<kw name="Given L'utilisateur est sur la page de login">
<kw name="Click Element" owner="SeleniumLibrary">
<msg time="2026-04-24T11:53:28.803846" level="INFO">Clicking element '//a[@title="My Account"]'.</msg>
<arg>locator=${my_account_dropdown}</arg>
<doc>Click the element identified by ``locator``.</doc>
<status status="PASS" start="2026-04-24T11:53:28.802848" elapsed="0.097907"/>
</kw>
<kw name="Click Element" owner="SeleniumLibrary">
<msg time="2026-04-24T11:53:28.900755" level="INFO">Clicking element '//a[text()="Login"]'.</msg>
<arg>locator=${login_link}</arg>
<doc>Click the element identified by ``locator``.</doc>
<status status="PASS" start="2026-04-24T11:53:28.900755" elapsed="0.401536"/>
</kw>
<kw name="Get Location" owner="SeleniumLibrary">
<msg time="2026-04-24T11:53:29.310284" level="INFO">${url} = https://tutorialsninja.com/demo/index.php?route=account/login</msg>
<var>${url}</var>
<doc>Returns the current browser window URL.</doc>
<status status="PASS" start="2026-04-24T11:53:29.303294" elapsed="0.006990"/>
</kw>
<kw name="Should Contain" owner="BuiltIn">
<arg>container=${url}</arg>
<arg>item=account/login</arg>
<doc>Fails if ``container`` does not contain ``item`` one or more times.</doc>
<status status="PASS" start="2026-04-24T11:53:29.310284" elapsed="0.000983"/>
</kw>
<doc>ce keyword permet de vérifier que l'utilisateur est sur la page de login</doc>
<status status="PASS" start="2026-04-24T11:53:28.802848" elapsed="0.508419"/>
</kw>
<kw name="When il entre un email et un password valide">
<kw name="Input Text" owner="SeleniumLibrary">
<msg time="2026-04-24T11:53:29.312264" level="INFO">Typing text 'testemail@yoomail.com' into text field '//input[@id='input-email']'.</msg>
<arg>locator=${email_input}</arg>
<arg>text=${email}</arg>
<doc>Types the given ``text`` into the text field identified by ``locator``.</doc>
<status status="PASS" start="2026-04-24T11:53:29.312264" elapsed="0.117687"/>
</kw>
<kw name="Input Text" owner="SeleniumLibrary">
<msg time="2026-04-24T11:53:29.430949" level="INFO">Typing text 'pass@123' into text field '//input[@id='input-password']'.</msg>
<arg>locator=${password_input}</arg>
<arg>text=${password}</arg>
<doc>Types the given ``text`` into the text field identified by ``locator``.</doc>
<status status="PASS" start="2026-04-24T11:53:29.430949" elapsed="0.070809"/>
</kw>
<doc>ce keyword permet de saisir un email et un password valide pour se connecter</doc>
<status status="PASS" start="2026-04-24T11:53:29.311267" elapsed="0.190491"/>
</kw>
<kw name="And clique sur le bouton &quot;Login&quot;">
<kw name="Click Element" owner="SeleniumLibrary">
<msg time="2026-04-24T11:53:29.502754" level="INFO">Clicking element '//input[@value="Login"]'.</msg>
<arg>${login_submit_button}</arg>
<doc>Click the element identified by ``locator``.</doc>
<status status="PASS" start="2026-04-24T11:53:29.502754" elapsed="0.068126"/>
</kw>
<doc>ce keyword permet de cliquer sur le bouton "Login" pour se connecter</doc>
<status status="PASS" start="2026-04-24T11:53:29.502754" elapsed="0.068126"/>
</kw>
<kw name="Then l'utilisateur est bien connecté">
<kw name="Wait Until Location Contains" owner="SeleniumLibrary">
<arg>account/account</arg>
<arg>10s</arg>
<doc>Waits until the current URL contains ``expected``.</doc>
<status status="PASS" start="2026-04-24T11:53:29.571877" elapsed="1.752938"/>
</kw>
<kw name="Location Should Contain" owner="SeleniumLibrary">
<msg time="2026-04-24T11:53:31.329942" level="INFO">Current location contains 'account/account'.</msg>
<arg>account/account</arg>
<doc>Verifies that the current URL contains ``expected``.</doc>
<status status="PASS" start="2026-04-24T11:53:31.324815" elapsed="0.005127"/>
</kw>
<doc>ce keyword permet de vérifier que l'utilisateur est connecté avec succès</doc>
<status status="PASS" start="2026-04-24T11:53:29.570880" elapsed="1.759062"/>
</kw>
<kw name="Close Browser" owner="SeleniumLibrary" type="TEARDOWN">
<doc>Closes the current browser.</doc>
<status status="PASS" start="2026-04-24T11:53:31.329942" elapsed="2.184180"/>
</kw>
<doc>ce cas de test vérifie le cas passant de connection</doc>
<tag>RBF002</tag>
<status status="PASS" start="2026-04-24T11:53:25.298186" elapsed="8.215936"/>
</test>
<test id="s1-t3" name="Se connecter avec des identifiants invalides" line="54">
<kw name="Ouvrir Application Tutorials Ninja" type="SETUP">
<kw name="Open Browser" owner="SeleniumLibrary">
<msg time="2026-04-24T11:53:33.516199" level="INFO">Opening browser 'chrome' to base url 'https://tutorialsninja.com/demo'.</msg>
<arg>url=${URL}</arg>
<arg>browser=chrome</arg>
<doc>Opens a new browser instance to the optional ``url``.</doc>
<status status="PASS" start="2026-04-24T11:53:33.516199" elapsed="3.322552"/>
</kw>
<kw name="Maximize Browser Window" owner="SeleniumLibrary">
<doc>Maximizes current browser window.</doc>
<status status="PASS" start="2026-04-24T11:53:36.838751" elapsed="0.029905"/>
</kw>
<doc>ce keyword permet d'ouvrir le site web Demo Tutorials Ninja</doc>
<status status="PASS" start="2026-04-24T11:53:33.515201" elapsed="3.353455"/>
</kw>
<kw name="Given L'utilisateur est sur la page de login">
<kw name="Click Element" owner="SeleniumLibrary">
<msg time="2026-04-24T11:53:36.869656" level="INFO">Clicking element '//a[@title="My Account"]'.</msg>
<arg>locator=${my_account_dropdown}</arg>
<doc>Click the element identified by ``locator``.</doc>
<status status="PASS" start="2026-04-24T11:53:36.869656" elapsed="0.079297"/>
</kw>
<kw name="Click Element" owner="SeleniumLibrary">
<msg time="2026-04-24T11:53:36.948953" level="INFO">Clicking element '//a[text()="Login"]'.</msg>
<arg>locator=${login_link}</arg>
<doc>Click the element identified by ``locator``.</doc>
<status status="PASS" start="2026-04-24T11:53:36.948953" elapsed="0.428923"/>
</kw>
<kw name="Get Location" owner="SeleniumLibrary">
<msg time="2026-04-24T11:53:37.383859" level="INFO">${url} = https://tutorialsninja.com/demo/index.php?route=account/login</msg>
<var>${url}</var>
<doc>Returns the current browser window URL.</doc>
<status status="PASS" start="2026-04-24T11:53:37.378873" elapsed="0.004986"/>
</kw>
<kw name="Should Contain" owner="BuiltIn">
<arg>container=${url}</arg>
<arg>item=account/login</arg>
<doc>Fails if ``container`` does not contain ``item`` one or more times.</doc>
<status status="PASS" start="2026-04-24T11:53:37.383859" elapsed="0.002993"/>
</kw>
<doc>ce keyword permet de vérifier que l'utilisateur est sur la page de login</doc>
<status status="PASS" start="2026-04-24T11:53:36.868656" elapsed="0.518196"/>
</kw>
<kw name="When il entre un email et un password invalide">
<kw name="Input Text" owner="SeleniumLibrary">
<msg time="2026-04-24T11:53:37.388846" level="INFO">Typing text 'testemail2@yopmail.com' into text field '//input[@id='input-email']'.</msg>
<arg>locator=${email_input}</arg>
<arg>text=${wrong_email}</arg>
<doc>Types the given ``text`` into the text field identified by ``locator``.</doc>
<status status="PASS" start="2026-04-24T11:53:37.387850" elapsed="0.112789"/>
</kw>
<kw name="Input Text" owner="SeleniumLibrary">
<msg time="2026-04-24T11:53:37.501638" level="INFO">Typing text 'incorrectpassword' into text field '//input[@id='input-password']'.</msg>
<arg>locator=${password_input}</arg>
<arg>text=${wrong_password}</arg>
<doc>Types the given ``text`` into the text field identified by ``locator``.</doc>
<status status="PASS" start="2026-04-24T11:53:37.500639" elapsed="0.071909"/>
</kw>
<doc>ce keyword permet de saisir un email et un password invalide pour se connecter</doc>
<status status="PASS" start="2026-04-24T11:53:37.387850" elapsed="0.184698"/>
</kw>
<kw name="And clique sur le bouton &quot;Login&quot;">
<kw name="Click Element" owner="SeleniumLibrary">
<msg time="2026-04-24T11:53:37.573543" level="INFO">Clicking element '//input[@value="Login"]'.</msg>
<arg>${login_submit_button}</arg>
<doc>Click the element identified by ``locator``.</doc>
<status status="PASS" start="2026-04-24T11:53:37.573543" elapsed="0.056703"/>
</kw>
<doc>ce keyword permet de cliquer sur le bouton "Login" pour se connecter</doc>
<status status="PASS" start="2026-04-24T11:53:37.573543" elapsed="0.057699"/>
</kw>
<kw name="Then un message d'erreur &quot;Warning: No match&quot; s'affiche">
<kw name="Wait Until Element Is Visible" owner="SeleniumLibrary">
<arg>${error_message}</arg>
<arg>10s</arg>
<doc>Waits until the element ``locator`` is visible.</doc>
<status status="PASS" start="2026-04-24T11:53:37.631242" elapsed="1.442043"/>
</kw>
<kw name="Get Text" owner="SeleniumLibrary">
<msg time="2026-04-24T11:53:39.092404" level="INFO">${message} = Warning: No match for E-Mail Address and/or Password.</msg>
<var>${message}</var>
<arg>locator=${error_message}</arg>
<doc>Returns the text value of the element identified by ``locator``.</doc>
<status status="PASS" start="2026-04-24T11:53:39.073285" elapsed="0.019119"/>
</kw>
<kw name="Should Contain" owner="BuiltIn">
<arg>container=${message}</arg>
<arg>item=Warning: No match</arg>
<doc>Fails if ``container`` does not contain ``item`` one or more times.</doc>
<status status="PASS" start="2026-04-24T11:53:39.092404" elapsed="0.000000"/>
</kw>
<doc>ce keyword permet de vérifier que le message d'erreur d'affiche lorsque les identifiants sont invalides</doc>
<status status="PASS" start="2026-04-24T11:53:37.631242" elapsed="1.461162"/>
</kw>
<kw name="And l'utilisateur n'est pas connecté">
<kw name="Get Location" owner="SeleniumLibrary">
<msg time="2026-04-24T11:53:39.097827" level="INFO">${url} = https://tutorialsninja.com/demo/index.php?route=account/login</msg>
<var>${url}</var>
<doc>Returns the current browser window URL.</doc>
<status status="PASS" start="2026-04-24T11:53:39.093494" elapsed="0.004333"/>
</kw>
<kw name="Should Contain" owner="BuiltIn">
<arg>container=${url}</arg>
<arg>item=account/login</arg>
<doc>Fails if ``container`` does not contain ``item`` one or more times.</doc>
<status status="PASS" start="2026-04-24T11:53:39.097827" elapsed="0.001000"/>
</kw>
<doc>ce keyword permet de vérifier que l'utilisateur n'est pas connecté lorsque les identifiants sont invalides</doc>
<status status="PASS" start="2026-04-24T11:53:39.093494" elapsed="0.005333"/>
</kw>
<kw name="Close Browser" owner="SeleniumLibrary" type="TEARDOWN">
<doc>Closes the current browser.</doc>
<status status="PASS" start="2026-04-24T11:53:39.098827" elapsed="2.188533"/>
</kw>
<doc>ce cas de test vérifie le cas négatif de connection</doc>
<tag>RBF003</tag>
<status status="PASS" start="2026-04-24T11:53:33.515201" elapsed="7.773025"/>
</test>
<status status="PASS" start="2026-04-24T11:53:15.567224" elapsed="25.724057"/>
</suite>
<statistics>
<total>
<stat pass="3" fail="0" skip="0">All Tests</stat>
</total>
<tag>
<stat pass="1" fail="0" skip="0">RBF001</stat>
<stat pass="1" fail="0" skip="0">RBF002</stat>
<stat pass="1" fail="0" skip="0">RBF003</stat>
</tag>
<suite>
<stat name="userStory1" id="s1" pass="3" fail="0" skip="0">userStory1</stat>
</suite>
</statistics>
<errors>
</errors>
</robot>
